{"C:\\Users\\bambi\\OneDrive\\Desktop\\Tiendita-de-Halloween-migracion-vite-a-cra\\Tiendita-de-Halloween-migracion-vite-a-cra\\src\\App.js": {"path":"C:\\Users\\bambi\\OneDrive\\Desktop\\Tiendita-de-Halloween-migracion-vite-a-cra\\Tiendita-de-Halloween-migracion-vite-a-cra\\src\\App.js","statementMap":{"0":{"start":{"line":14,"column":26},"end":{"line":14,"column":61}},"1":{"start":{"line":15,"column":42},"end":{"line":15,"column":56}},"2":{"start":{"line":17,"column":24},"end":{"line":37,"column":3}},"3":{"start":{"line":18,"column":4},"end":{"line":26,"column":7}},"4":{"start":{"line":19,"column":30},"end":{"line":19,"column":80}},"5":{"start":{"line":19,"column":52},"end":{"line":19,"column":79}},"6":{"start":{"line":20,"column":6},"end":{"line":24,"column":7}},"7":{"start":{"line":21,"column":8},"end":{"line":23,"column":10}},"8":{"start":{"line":22,"column":10},"end":{"line":22,"column":87}},"9":{"start":{"line":25,"column":6},"end":{"line":25,"column":61}},"10":{"start":{"line":27,"column":4},"end":{"line":30,"column":5}},"11":{"start":{"line":27,"column":27},"end":{"line":27,"column":54}},"12":{"start":{"line":28,"column":8},"end":{"line":28,"column":86}},"13":{"start":{"line":29,"column":8},"end":{"line":29,"column":54}},"14":{"start":{"line":29,"column":25},"end":{"line":29,"column":46}},"15":{"start":{"line":31,"column":4},"end":{"line":36,"column":5}},"16":{"start":{"line":32,"column":6},"end":{"line":34,"column":7}},"17":{"start":{"line":33,"column":8},"end":{"line":33,"column":69}},"18":{"start":{"line":39,"column":25},"end":{"line":89,"column":3}},"19":{"start":{"line":40,"column":4},"end":{"line":40,"column":26}},"20":{"start":{"line":40,"column":19},"end":{"line":40,"column":26}},"21":{"start":{"line":41,"column":20},"end":{"line":41,"column":63}},"22":{"start":{"line":42,"column":4},"end":{"line":53,"column":5}},"23":{"start":{"line":43,"column":6},"end":{"line":43,"column":48}},"24":{"start":{"line":44,"column":6},"end":{"line":44,"column":40}},"25":{"start":{"line":45,"column":6},"end":{"line":45,"column":41}},"26":{"start":{"line":46,"column":6},"end":{"line":46,"column":33}},"27":{"start":{"line":47,"column":6},"end":{"line":47,"column":32}},"28":{"start":{"line":48,"column":6},"end":{"line":48,"column":37}},"29":{"start":{"line":49,"column":6},"end":{"line":49,"column":38}},"30":{"start":{"line":50,"column":6},"end":{"line":50,"column":45}},"31":{"start":{"line":51,"column":6},"end":{"line":51,"column":38}},"32":{"start":{"line":52,"column":6},"end":{"line":52,"column":43}},"33":{"start":{"line":55,"column":16},"end":{"line":55,"column":45}},"34":{"start":{"line":56,"column":4},"end":{"line":56,"column":37}},"35":{"start":{"line":57,"column":4},"end":{"line":57,"column":36}},"36":{"start":{"line":58,"column":4},"end":{"line":58,"column":35}},"37":{"start":{"line":59,"column":4},"end":{"line":59,"column":33}},"38":{"start":{"line":60,"column":2},"end":{"line":60,"column":66}},"39":{"start":{"line":60,"column":21},"end":{"line":60,"column":57}},"40":{"start":{"line":60,"column":27},"end":{"line":60,"column":42}},"41":{"start":{"line":62,"column":4},"end":{"line":88,"column":5}},"42":{"start":{"line":62,"column":17},"end":{"line":62,"column":18}},"43":{"start":{"line":63,"column":17},"end":{"line":63,"column":46}},"44":{"start":{"line":64,"column":20},"end":{"line":64,"column":39}},"45":{"start":{"line":65,"column":6},"end":{"line":65,"column":64}},"46":{"start":{"line":66,"column":20},"end":{"line":66,"column":47}},"47":{"start":{"line":67,"column":23},"end":{"line":67,"column":47}},"48":{"start":{"line":68,"column":17},"end":{"line":68,"column":55}},"49":{"start":{"line":69,"column":17},"end":{"line":69,"column":60}},"50":{"start":{"line":71,"column":6},"end":{"line":71,"column":36}},"51":{"start":{"line":72,"column":6},"end":{"line":72,"column":35}},"52":{"start":{"line":73,"column":6},"end":{"line":73,"column":34}},"53":{"start":{"line":74,"column":6},"end":{"line":74,"column":38}},"54":{"start":{"line":76,"column":16},"end":{"line":76,"column":55}},"55":{"start":{"line":77,"column":2},"end":{"line":77,"column":34}},"56":{"start":{"line":78,"column":2},"end":{"line":78,"column":38}},"57":{"start":{"line":80,"column":6},"end":{"line":80,"column":46}},"58":{"start":{"line":81,"column":6},"end":{"line":81,"column":46}},"59":{"start":{"line":82,"column":18},"end":{"line":82,"column":57}},"60":{"start":{"line":83,"column":6},"end":{"line":83,"column":49}},"61":{"start":{"line":85,"column":6},"end":{"line":85,"column":32}},"62":{"start":{"line":86,"column":2},"end":{"line":86,"column":63}},"63":{"start":{"line":86,"column":21},"end":{"line":86,"column":54}},"64":{"start":{"line":86,"column":27},"end":{"line":86,"column":39}},"65":{"start":{"line":87,"column":6},"end":{"line":87,"column":87}},"66":{"start":{"line":87,"column":50},"end":{"line":87,"column":83}},"67":{"start":{"line":87,"column":56},"end":{"line":87,"column":68}},"68":{"start":{"line":91,"column":27},"end":{"line":102,"column":3}},"69":{"start":{"line":92,"column":4},"end":{"line":101,"column":7}},"70":{"start":{"line":93,"column":30},"end":{"line":93,"column":83}},"71":{"start":{"line":93,"column":52},"end":{"line":93,"column":82}},"72":{"start":{"line":94,"column":6},"end":{"line":100,"column":7}},"73":{"start":{"line":95,"column":8},"end":{"line":95,"column":71}},"74":{"start":{"line":95,"column":39},"end":{"line":95,"column":69}},"75":{"start":{"line":97,"column":8},"end":{"line":99,"column":10}},"76":{"start":{"line":98,"column":10},"end":{"line":98,"column":90}},"77":{"start":{"line":104,"column":30},"end":{"line":104,"column":112}},"78":{"start":{"line":104,"column":45},"end":{"line":104,"column":112}},"79":{"start":{"line":104,"column":65},"end":{"line":104,"column":111}},"80":{"start":{"line":104,"column":89},"end":{"line":104,"column":110}},"81":{"start":{"line":105,"column":26},"end":{"line":105,"column":43}},"82":{"start":{"line":105,"column":32},"end":{"line":105,"column":43}},"83":{"start":{"line":106,"column":25},"end":{"line":106,"column":75}},"84":{"start":{"line":106,"column":52},"end":{"line":106,"column":71}},"85":{"start":{"line":108,"column":2},"end":{"line":183,"column":4}}},"fnMap":{"0":{"name":"App","decl":{"start":{"line":13,"column":9},"end":{"line":13,"column":12}},"loc":{"start":{"line":13,"column":15},"end":{"line":184,"column":1}},"line":13},"1":{"name":"(anonymous_1)","decl":{"start":{"line":17,"column":24},"end":{"line":17,"column":25}},"loc":{"start":{"line":17,"column":55},"end":{"line":37,"column":3}},"line":17},"2":{"name":"(anonymous_2)","decl":{"start":{"line":18,"column":12},"end":{"line":18,"column":13}},"loc":{"start":{"line":18,"column":24},"end":{"line":26,"column":5}},"line":18},"3":{"name":"(anonymous_3)","decl":{"start":{"line":19,"column":44},"end":{"line":19,"column":45}},"loc":{"start":{"line":19,"column":52},"end":{"line":19,"column":79}},"line":19},"4":{"name":"(anonymous_4)","decl":{"start":{"line":21,"column":28},"end":{"line":21,"column":29}},"loc":{"start":{"line":22,"column":10},"end":{"line":22,"column":87}},"line":22},"5":{"name":"(anonymous_5)","decl":{"start":{"line":27,"column":19},"end":{"line":27,"column":20}},"loc":{"start":{"line":27,"column":27},"end":{"line":27,"column":54}},"line":27},"6":{"name":"(anonymous_6)","decl":{"start":{"line":29,"column":19},"end":{"line":29,"column":20}},"loc":{"start":{"line":29,"column":25},"end":{"line":29,"column":46}},"line":29},"7":{"name":"(anonymous_7)","decl":{"start":{"line":39,"column":25},"end":{"line":39,"column":26}},"loc":{"start":{"line":39,"column":47},"end":{"line":89,"column":3}},"line":39},"8":{"name":"(anonymous_8)","decl":{"start":{"line":60,"column":13},"end":{"line":60,"column":14}},"loc":{"start":{"line":60,"column":19},"end":{"line":60,"column":59}},"line":60},"9":{"name":"(anonymous_9)","decl":{"start":{"line":86,"column":13},"end":{"line":86,"column":14}},"loc":{"start":{"line":86,"column":19},"end":{"line":86,"column":56}},"line":86},"10":{"name":"(anonymous_10)","decl":{"start":{"line":87,"column":42},"end":{"line":87,"column":43}},"loc":{"start":{"line":87,"column":48},"end":{"line":87,"column":85}},"line":87},"11":{"name":"(anonymous_11)","decl":{"start":{"line":91,"column":27},"end":{"line":91,"column":28}},"loc":{"start":{"line":91,"column":48},"end":{"line":102,"column":3}},"line":91},"12":{"name":"(anonymous_12)","decl":{"start":{"line":92,"column":12},"end":{"line":92,"column":13}},"loc":{"start":{"line":92,"column":24},"end":{"line":101,"column":5}},"line":92},"13":{"name":"(anonymous_13)","decl":{"start":{"line":93,"column":44},"end":{"line":93,"column":45}},"loc":{"start":{"line":93,"column":52},"end":{"line":93,"column":82}},"line":93},"14":{"name":"(anonymous_14)","decl":{"start":{"line":95,"column":31},"end":{"line":95,"column":32}},"loc":{"start":{"line":95,"column":39},"end":{"line":95,"column":69}},"line":95},"15":{"name":"(anonymous_15)","decl":{"start":{"line":97,"column":28},"end":{"line":97,"column":29}},"loc":{"start":{"line":98,"column":10},"end":{"line":98,"column":90}},"line":98},"16":{"name":"(anonymous_16)","decl":{"start":{"line":104,"column":30},"end":{"line":104,"column":31}},"loc":{"start":{"line":104,"column":45},"end":{"line":104,"column":112}},"line":104},"17":{"name":"(anonymous_17)","decl":{"start":{"line":104,"column":53},"end":{"line":104,"column":54}},"loc":{"start":{"line":104,"column":65},"end":{"line":104,"column":111}},"line":104},"18":{"name":"(anonymous_18)","decl":{"start":{"line":104,"column":81},"end":{"line":104,"column":82}},"loc":{"start":{"line":104,"column":89},"end":{"line":104,"column":110}},"line":104},"19":{"name":"(anonymous_19)","decl":{"start":{"line":105,"column":26},"end":{"line":105,"column":27}},"loc":{"start":{"line":105,"column":32},"end":{"line":105,"column":43}},"line":105},"20":{"name":"(anonymous_20)","decl":{"start":{"line":106,"column":37},"end":{"line":106,"column":38}},"loc":{"start":{"line":106,"column":52},"end":{"line":106,"column":71}},"line":106}},"branchMap":{"0":{"loc":{"start":{"line":20,"column":6},"end":{"line":24,"column":7}},"type":"if","locations":[{"start":{"line":20,"column":6},"end":{"line":24,"column":7}},{"start":{},"end":{}}],"line":20},"1":{"loc":{"start":{"line":22,"column":10},"end":{"line":22,"column":87}},"type":"cond-expr","locations":[{"start":{"line":22,"column":40},"end":{"line":22,"column":80}},{"start":{"line":22,"column":83},"end":{"line":22,"column":87}}],"line":22},"2":{"loc":{"start":{"line":27,"column":4},"end":{"line":30,"column":5}},"type":"if","locations":[{"start":{"line":27,"column":4},"end":{"line":30,"column":5}},{"start":{},"end":{}}],"line":27},"3":{"loc":{"start":{"line":32,"column":6},"end":{"line":34,"column":7}},"type":"if","locations":[{"start":{"line":32,"column":6},"end":{"line":34,"column":7}},{"start":{},"end":{}}],"line":32},"4":{"loc":{"start":{"line":32,"column":10},"end":{"line":32,"column":56}},"type":"binary-expr","locations":[{"start":{"line":32,"column":10},"end":{"line":32,"column":21}},{"start":{"line":32,"column":25},"end":{"line":32,"column":56}}],"line":32},"5":{"loc":{"start":{"line":39,"column":32},"end":{"line":39,"column":42}},"type":"default-arg","locations":[{"start":{"line":39,"column":40},"end":{"line":39,"column":42}}],"line":39},"6":{"loc":{"start":{"line":40,"column":4},"end":{"line":40,"column":26}},"type":"if","locations":[{"start":{"line":40,"column":4},"end":{"line":40,"column":26}},{"start":{},"end":{}}],"line":40},"7":{"loc":{"start":{"line":42,"column":4},"end":{"line":53,"column":5}},"type":"if","locations":[{"start":{"line":42,"column":4},"end":{"line":53,"column":5}},{"start":{},"end":{}}],"line":42},"8":{"loc":{"start":{"line":65,"column":38},"end":{"line":65,"column":61}},"type":"cond-expr","locations":[{"start":{"line":65,"column":46},"end":{"line":65,"column":51}},{"start":{"line":65,"column":54},"end":{"line":65,"column":61}}],"line":65},"9":{"loc":{"start":{"line":94,"column":6},"end":{"line":100,"column":7}},"type":"if","locations":[{"start":{"line":94,"column":6},"end":{"line":100,"column":7}},{"start":{"line":96,"column":13},"end":{"line":100,"column":7}}],"line":94},"10":{"loc":{"start":{"line":98,"column":10},"end":{"line":98,"column":90}},"type":"cond-expr","locations":[{"start":{"line":98,"column":43},"end":{"line":98,"column":83}},{"start":{"line":98,"column":86},"end":{"line":98,"column":90}}],"line":98},"11":{"loc":{"start":{"line":124,"column":7},"end":{"line":129,"column":7}},"type":"binary-expr","locations":[{"start":{"line":124,"column":7},"end":{"line":124,"column":19}},{"start":{"line":125,"column":8},"end":{"line":128,"column":16}}],"line":124}},"s":{"0":0,"1":0,"2":0,"3":0,"4":0,"5":0,"6":0,"7":0,"8":0,"9":0,"10":0,"11":0,"12":0,"13":0,"14":0,"15":0,"16":0,"17":0,"18":0,"19":0,"20":0,"21":0,"22":0,"23":0,"24":0,"25":0,"26":0,"27":0,"28":0,"29":0,"30":0,"31":0,"32":0,"33":0,"34":0,"35":0,"36":0,"37":0,"38":0,"39":0,"40":0,"41":0,"42":0,"43":0,"44":0,"45":0,"46":0,"47":0,"48":0,"49":0,"50":0,"51":0,"52":0,"53":0,"54":0,"55":0,"56":0,"57":0,"58":0,"59":0,"60":0,"61":0,"62":0,"63":0,"64":0,"65":0,"66":0,"67":0,"68":0,"69":0,"70":0,"71":0,"72":0,"73":0,"74":0,"75":0,"76":0,"77":0,"78":0,"79":0,"80":0,"81":0,"82":0,"83":0,"84":0,"85":0},"f":{"0":0,"1":0,"2":0,"3":0,"4":0,"5":0,"6":0,"7":0,"8":0,"9":0,"10":0,"11":0,"12":0,"13":0,"14":0,"15":0,"16":0,"17":0,"18":0,"19":0,"20":0},"b":{"0":[0,0],"1":[0,0],"2":[0,0],"3":[0,0],"4":[0,0],"5":[0],"6":[0,0],"7":[0,0],"8":[0,0],"9":[0,0],"10":[0,0],"11":[0,0]}}
,"C:\\Users\\bambi\\OneDrive\\Desktop\\Tiendita-de-Halloween-migracion-vite-a-cra\\Tiendita-de-Halloween-migracion-vite-a-cra\\src\\index.js": {"path":"C:\\Users\\bambi\\OneDrive\\Desktop\\Tiendita-de-Halloween-migracion-vite-a-cra\\Tiendita-de-Halloween-migracion-vite-a-cra\\src\\index.js","statementMap":{"0":{"start":{"line":9,"column":13},"end":{"line":9,"column":65}},"1":{"start":{"line":10,"column":0},"end":{"line":16,"column":2}},"2":{"start":{"line":21,"column":0},"end":{"line":21,"column":18}}},"fnMap":{},"branchMap":{},"s":{"0":0,"1":0,"2":0},"f":{},"b":{}}
,"C:\\Users\\bambi\\OneDrive\\Desktop\\Tiendita-de-Halloween-migracion-vite-a-cra\\Tiendita-de-Halloween-migracion-vite-a-cra\\src\\reportWebVitals.js": {"path":"C:\\Users\\bambi\\OneDrive\\Desktop\\Tiendita-de-Halloween-migracion-vite-a-cra\\Tiendita-de-Halloween-migracion-vite-a-cra\\src\\reportWebVitals.js","statementMap":{"0":{"start":{"line":1,"column":24},"end":{"line":11,"column":1}},"1":{"start":{"line":2,"column":2},"end":{"line":10,"column":3}},"2":{"start":{"line":3,"column":4},"end":{"line":9,"column":7}},"3":{"start":{"line":4,"column":6},"end":{"line":4,"column":26}},"4":{"start":{"line":5,"column":6},"end":{"line":5,"column":26}},"5":{"start":{"line":6,"column":6},"end":{"line":6,"column":26}},"6":{"start":{"line":7,"column":6},"end":{"line":7,"column":26}},"7":{"start":{"line":8,"column":6},"end":{"line":8,"column":27}}},"fnMap":{"0":{"name":"(anonymous_0)","decl":{"start":{"line":1,"column":24},"end":{"line":1,"column":25}},"loc":{"start":{"line":1,"column":39},"end":{"line":11,"column":1}},"line":1},"1":{"name":"(anonymous_1)","decl":{"start":{"line":3,"column":30},"end":{"line":3,"column":31}},"loc":{"start":{"line":3,"column":79},"end":{"line":9,"column":5}},"line":3}},"branchMap":{"0":{"loc":{"start":{"line":2,"column":2},"end":{"line":10,"column":3}},"type":"if","locations":[{"start":{"line":2,"column":2},"end":{"line":10,"column":3}},{"start":{},"end":{}}],"line":2},"1":{"loc":{"start":{"line":2,"column":6},"end":{"line":2,"column":52}},"type":"binary-expr","locations":[{"start":{"line":2,"column":6},"end":{"line":2,"column":17}},{"start":{"line":2,"column":21},"end":{"line":2,"column":52}}],"line":2}},"s":{"0":0,"1":0,"2":0,"3":0,"4":0,"5":0,"6":0,"7":0},"f":{"0":0,"1":0},"b":{"0":[0,0],"1":[0,0]}}
,"C:\\Users\\bambi\\OneDrive\\Desktop\\Tiendita-de-Halloween-migracion-vite-a-cra\\Tiendita-de-Halloween-migracion-vite-a-cra\\src\\components\\CheckoutForm.js": {"path":"C:\\Users\\bambi\\OneDrive\\Desktop\\Tiendita-de-Halloween-migracion-vite-a-cra\\Tiendita-de-Halloween-migracion-vite-a-cra\\src\\components\\CheckoutForm.js","statementMap":{"0":{"start":{"line":4,"column":28},"end":{"line":44,"column":1}},"1":{"start":{"line":5,"column":17},"end":{"line":5,"column":19}},"2":{"start":{"line":6,"column":2},"end":{"line":7,"column":90}},"3":{"start":{"line":6,"column":25},"end":{"line":6,"column":75}},"4":{"start":{"line":7,"column":7},"end":{"line":7,"column":90}},"5":{"start":{"line":7,"column":40},"end":{"line":7,"column":90}},"6":{"start":{"line":8,"column":21},"end":{"line":8,"column":49}},"7":{"start":{"line":9,"column":2},"end":{"line":10,"column":93}},"8":{"start":{"line":9,"column":19},"end":{"line":9,"column":60}},"9":{"start":{"line":10,"column":7},"end":{"line":10,"column":93}},"10":{"start":{"line":10,"column":41},"end":{"line":10,"column":93}},"11":{"start":{"line":12,"column":2},"end":{"line":13,"column":96}},"12":{"start":{"line":12,"column":45},"end":{"line":12,"column":91}},"13":{"start":{"line":13,"column":7},"end":{"line":13,"column":96}},"14":{"start":{"line":13,"column":44},"end":{"line":13,"column":96}},"15":{"start":{"line":15,"column":22},"end":{"line":15,"column":70}},"16":{"start":{"line":16,"column":2},"end":{"line":17,"column":84}},"17":{"start":{"line":16,"column":19},"end":{"line":16,"column":62}},"18":{"start":{"line":17,"column":7},"end":{"line":17,"column":84}},"19":{"start":{"line":17,"column":35},"end":{"line":17,"column":84}},"20":{"start":{"line":19,"column":2},"end":{"line":39,"column":3}},"21":{"start":{"line":20,"column":4},"end":{"line":20,"column":40}},"22":{"start":{"line":22,"column":18},"end":{"line":22,"column":97}},"23":{"start":{"line":23,"column":18},"end":{"line":23,"column":34}},"24":{"start":{"line":24,"column":4},"end":{"line":38,"column":5}},"25":{"start":{"line":25,"column":6},"end":{"line":25,"column":62}},"26":{"start":{"line":27,"column":18},"end":{"line":27,"column":26}},"27":{"start":{"line":28,"column":17},"end":{"line":28,"column":25}},"28":{"start":{"line":29,"column":16},"end":{"line":29,"column":17}},"29":{"start":{"line":30,"column":16},"end":{"line":30,"column":17}},"30":{"start":{"line":31,"column":6},"end":{"line":34,"column":7}},"31":{"start":{"line":31,"column":19},"end":{"line":31,"column":33}},"32":{"start":{"line":32,"column":8},"end":{"line":32,"column":49}},"33":{"start":{"line":33,"column":8},"end":{"line":33,"column":38}},"34":{"start":{"line":35,"column":18},"end":{"line":35,"column":33}},"35":{"start":{"line":36,"column":21},"end":{"line":36,"column":70}},"36":{"start":{"line":37,"column":6},"end":{"line":37,"column":100}},"37":{"start":{"line":37,"column":39},"end":{"line":37,"column":100}},"38":{"start":{"line":41,"column":2},"end":{"line":41,"column":82}},"39":{"start":{"line":41,"column":27},"end":{"line":41,"column":82}},"40":{"start":{"line":43,"column":2},"end":{"line":43,"column":16}},"41":{"start":{"line":47,"column":34},"end":{"line":47,"column":119}},"42":{"start":{"line":48,"column":30},"end":{"line":48,"column":42}},"43":{"start":{"line":49,"column":40},"end":{"line":49,"column":55}},"44":{"start":{"line":50,"column":36},"end":{"line":50,"column":51}},"45":{"start":{"line":51,"column":44},"end":{"line":51,"column":81}},"46":{"start":{"line":53,"column":23},"end":{"line":57,"column":3}},"47":{"start":{"line":54,"column":4},"end":{"line":54,"column":66}},"48":{"start":{"line":55,"column":4},"end":{"line":55,"column":79}},"49":{"start":{"line":55,"column":31},"end":{"line":55,"column":79}},"50":{"start":{"line":56,"column":4},"end":{"line":56,"column":26}},"51":{"start":{"line":59,"column":23},"end":{"line":94,"column":3}},"52":{"start":{"line":60,"column":4},"end":{"line":60,"column":23}},"53":{"start":{"line":61,"column":4},"end":{"line":61,"column":50}},"54":{"start":{"line":62,"column":23},"end":{"line":62,"column":45}},"55":{"start":{"line":63,"column":4},"end":{"line":63,"column":26}},"56":{"start":{"line":65,"column":4},"end":{"line":93,"column":5}},"57":{"start":{"line":66,"column":6},"end":{"line":66,"column":25}},"58":{"start":{"line":67,"column":6},"end":{"line":92,"column":7}},"59":{"start":{"line":68,"column":25},"end":{"line":79,"column":10}},"60":{"start":{"line":80,"column":23},"end":{"line":80,"column":44}},"61":{"start":{"line":81,"column":8},"end":{"line":87,"column":9}},"62":{"start":{"line":82,"column":10},"end":{"line":82,"column":31}},"63":{"start":{"line":83,"column":10},"end":{"line":83,"column":68}},"64":{"start":{"line":84,"column":10},"end":{"line":84,"column":99}},"65":{"start":{"line":86,"column":10},"end":{"line":86,"column":79}},"66":{"start":{"line":89,"column":8},"end":{"line":89,"column":66}},"67":{"start":{"line":91,"column":8},"end":{"line":91,"column":28}},"68":{"start":{"line":96,"column":2},"end":{"line":144,"column":4}}},"fnMap":{"0":{"name":"(anonymous_0)","decl":{"start":{"line":4,"column":28},"end":{"line":4,"column":29}},"loc":{"start":{"line":4,"column":38},"end":{"line":44,"column":1}},"line":4},"1":{"name":"CheckoutForm","decl":{"start":{"line":46,"column":9},"end":{"line":46,"column":21}},"loc":{"start":{"line":46,"column":24},"end":{"line":145,"column":1}},"line":46},"2":{"name":"(anonymous_2)","decl":{"start":{"line":53,"column":23},"end":{"line":53,"column":24}},"loc":{"start":{"line":53,"column":30},"end":{"line":57,"column":3}},"line":53},"3":{"name":"(anonymous_3)","decl":{"start":{"line":59,"column":23},"end":{"line":59,"column":24}},"loc":{"start":{"line":59,"column":36},"end":{"line":94,"column":3}},"line":59}},"branchMap":{"0":{"loc":{"start":{"line":6,"column":2},"end":{"line":7,"column":90}},"type":"if","locations":[{"start":{"line":6,"column":2},"end":{"line":7,"column":90}},{"start":{"line":7,"column":7},"end":{"line":7,"column":90}}],"line":6},"1":{"loc":{"start":{"line":7,"column":7},"end":{"line":7,"column":90}},"type":"if","locations":[{"start":{"line":7,"column":7},"end":{"line":7,"column":90}},{"start":{},"end":{}}],"line":7},"2":{"loc":{"start":{"line":9,"column":2},"end":{"line":10,"column":93}},"type":"if","locations":[{"start":{"line":9,"column":2},"end":{"line":10,"column":93}},{"start":{"line":10,"column":7},"end":{"line":10,"column":93}}],"line":9},"3":{"loc":{"start":{"line":10,"column":7},"end":{"line":10,"column":93}},"type":"if","locations":[{"start":{"line":10,"column":7},"end":{"line":10,"column":93}},{"start":{},"end":{}}],"line":10},"4":{"loc":{"start":{"line":12,"column":2},"end":{"line":13,"column":96}},"type":"if","locations":[{"start":{"line":12,"column":2},"end":{"line":13,"column":96}},{"start":{"line":13,"column":7},"end":{"line":13,"column":96}}],"line":12},"5":{"loc":{"start":{"line":12,"column":6},"end":{"line":12,"column":43}},"type":"binary-expr","locations":[{"start":{"line":12,"column":6},"end":{"line":12,"column":19}},{"start":{"line":12,"column":23},"end":{"line":12,"column":43}}],"line":12},"6":{"loc":{"start":{"line":13,"column":7},"end":{"line":13,"column":96}},"type":"if","locations":[{"start":{"line":13,"column":7},"end":{"line":13,"column":96}},{"start":{},"end":{}}],"line":13},"7":{"loc":{"start":{"line":15,"column":23},"end":{"line":15,"column":39}},"type":"binary-expr","locations":[{"start":{"line":15,"column":23},"end":{"line":15,"column":33}},{"start":{"line":15,"column":37},"end":{"line":15,"column":39}}],"line":15},"8":{"loc":{"start":{"line":16,"column":2},"end":{"line":17,"column":84}},"type":"if","locations":[{"start":{"line":16,"column":2},"end":{"line":17,"column":84}},{"start":{"line":17,"column":7},"end":{"line":17,"column":84}}],"line":16},"9":{"loc":{"start":{"line":17,"column":7},"end":{"line":17,"column":84}},"type":"if","locations":[{"start":{"line":17,"column":7},"end":{"line":17,"column":84}},{"start":{},"end":{}}],"line":17},"10":{"loc":{"start":{"line":19,"column":2},"end":{"line":39,"column":3}},"type":"if","locations":[{"start":{"line":19,"column":2},"end":{"line":39,"column":3}},{"start":{"line":21,"column":9},"end":{"line":39,"column":3}}],"line":19},"11":{"loc":{"start":{"line":22,"column":19},"end":{"line":22,"column":33}},"type":"binary-expr","locations":[{"start":{"line":22,"column":19},"end":{"line":22,"column":27}},{"start":{"line":22,"column":31},"end":{"line":22,"column":33}}],"line":22},"12":{"loc":{"start":{"line":24,"column":4},"end":{"line":38,"column":5}},"type":"if","locations":[{"start":{"line":24,"column":4},"end":{"line":38,"column":5}},{"start":{"line":26,"column":11},"end":{"line":38,"column":5}}],"line":24},"13":{"loc":{"start":{"line":24,"column":8},"end":{"line":24,"column":56}},"type":"binary-expr","locations":[{"start":{"line":24,"column":8},"end":{"line":24,"column":26}},{"start":{"line":24,"column":30},"end":{"line":24,"column":56}}],"line":24},"14":{"loc":{"start":{"line":33,"column":14},"end":{"line":33,"column":37}},"type":"cond-expr","locations":[{"start":{"line":33,"column":26},"end":{"line":33,"column":27}},{"start":{"line":33,"column":30},"end":{"line":33,"column":37}}],"line":33},"15":{"loc":{"start":{"line":36,"column":21},"end":{"line":36,"column":70}},"type":"cond-expr","locations":[{"start":{"line":36,"column":34},"end":{"line":36,"column":37}},{"start":{"line":36,"column":40},"end":{"line":36,"column":70}}],"line":36},"16":{"loc":{"start":{"line":36,"column":40},"end":{"line":36,"column":70}},"type":"cond-expr","locations":[{"start":{"line":36,"column":53},"end":{"line":36,"column":56}},{"start":{"line":36,"column":59},"end":{"line":36,"column":70}}],"line":36},"17":{"loc":{"start":{"line":37,"column":6},"end":{"line":37,"column":100}},"type":"if","locations":[{"start":{"line":37,"column":6},"end":{"line":37,"column":100}},{"start":{},"end":{}}],"line":37},"18":{"loc":{"start":{"line":41,"column":2},"end":{"line":41,"column":82}},"type":"if","locations":[{"start":{"line":41,"column":2},"end":{"line":41,"column":82}},{"start":{},"end":{}}],"line":41},"19":{"loc":{"start":{"line":55,"column":4},"end":{"line":55,"column":79}},"type":"if","locations":[{"start":{"line":55,"column":4},"end":{"line":55,"column":79}},{"start":{},"end":{}}],"line":55},"20":{"loc":{"start":{"line":65,"column":4},"end":{"line":93,"column":5}},"type":"if","locations":[{"start":{"line":65,"column":4},"end":{"line":93,"column":5}},{"start":{},"end":{}}],"line":65},"21":{"loc":{"start":{"line":81,"column":8},"end":{"line":87,"column":9}},"type":"if","locations":[{"start":{"line":81,"column":8},"end":{"line":87,"column":9}},{"start":{"line":85,"column":15},"end":{"line":87,"column":9}}],"line":81},"22":{"loc":{"start":{"line":86,"column":26},"end":{"line":86,"column":77}},"type":"binary-expr","locations":[{"start":{"line":86,"column":26},"end":{"line":86,"column":40}},{"start":{"line":86,"column":44},"end":{"line":86,"column":77}}],"line":86},"23":{"loc":{"start":{"line":98,"column":7},"end":{"line":98,"column":75}},"type":"binary-expr","locations":[{"start":{"line":98,"column":7},"end":{"line":98,"column":18}},{"start":{"line":98,"column":22},"end":{"line":98,"column":75}}],"line":98},"24":{"loc":{"start":{"line":99,"column":7},"end":{"line":99,"column":85}},"type":"binary-expr","locations":[{"start":{"line":99,"column":7},"end":{"line":99,"column":29}},{"start":{"line":99,"column":33},"end":{"line":99,"column":85}}],"line":99},"25":{"loc":{"start":{"line":141,"column":9},"end":{"line":141,"column":60}},"type":"cond-expr","locations":[{"start":{"line":141,"column":21},"end":{"line":141,"column":42}},{"start":{"line":141,"column":45},"end":{"line":141,"column":60}}],"line":141}},"s":{"0":2,"1":5,"2":5,"3":2,"4":3,"5":1,"6":5,"7":5,"8":1,"9":4,"10":1,"11":5,"12":4,"13":1,"14":0,"15":5,"16":5,"17":4,"18":1,"19":0,"20":5,"21":4,"22":1,"23":1,"24":1,"25":0,"26":1,"27":1,"28":1,"29":1,"30":1,"31":1,"32":8,"33":8,"34":1,"35":1,"36":1,"37":0,"38":5,"39":4,"40":5,"41":2,"42":2,"43":2,"44":2,"45":2,"46":2,"47":0,"48":0,"49":0,"50":0,"51":2,"52":1,"53":1,"54":1,"55":1,"56":1,"57":0,"58":0,"59":0,"60":0,"61":0,"62":0,"63":0,"64":0,"65":0,"66":0,"67":0,"68":2},"f":{"0":5,"1":2,"2":0,"3":1},"b":{"0":[2,3],"1":[1,2],"2":[1,4],"3":[1,3],"4":[4,1],"5":[5,1],"6":[0,1],"7":[5,4],"8":[4,1],"9":[0,1],"10":[4,1],"11":[1,0],"12":[0,1],"13":[1,1],"14":[1,7],"15":[0,1],"16":[0,1],"17":[0,1],"18":[4,1],"19":[0,0],"20":[0,1],"21":[0,0],"22":[0,0],"23":[2,0],"24":[2,0],"25":[0,2]},"_coverageSchema":"1a1c01bbd47fc00a2c39e90264f33305004495a9","hash":"04b6196ace37f60490ac314bdd3a16e39a43bd8a"}
,"C:\\Users\\bambi\\OneDrive\\Desktop\\Tiendita-de-Halloween-migracion-vite-a-cra\\Tiendita-de-Halloween-migracion-vite-a-cra\\src\\components\\CheckoutPage.js": {"path":"C:\\Users\\bambi\\OneDrive\\Desktop\\Tiendita-de-Halloween-migracion-vite-a-cra\\Tiendita-de-Halloween-migracion-vite-a-cra\\src\\components\\CheckoutPage.js","statementMap":{"0":{"start":{"line":6,"column":4},"end":{"line":22,"column":6}}},"fnMap":{"0":{"name":"CheckoutPage","decl":{"start":{"line":5,"column":9},"end":{"line":5,"column":21}},"loc":{"start":{"line":5,"column":92},"end":{"line":23,"column":1}},"line":5}},"branchMap":{},"s":{"0":0},"f":{"0":0},"b":{}}
,"C:\\Users\\bambi\\OneDrive\\Desktop\\Tiendita-de-Halloween-migracion-vite-a-cra\\Tiendita-de-Halloween-migracion-vite-a-cra\\src\\components\\Footer.js": {"path":"C:\\Users\\bambi\\OneDrive\\Desktop\\Tiendita-de-Halloween-migracion-vite-a-cra\\Tiendita-de-Halloween-migracion-vite-a-cra\\src\\components\\Footer.js","statementMap":{"0":{"start":{"line":5,"column":2},"end":{"line":11,"column":4}}},"fnMap":{"0":{"name":"Footer","decl":{"start":{"line":4,"column":9},"end":{"line":4,"column":15}},"loc":{"start":{"line":4,"column":18},"end":{"line":12,"column":1}},"line":4}},"branchMap":{},"s":{"0":0},"f":{"0":0},"b":{}}
,"C:\\Users\\bambi\\OneDrive\\Desktop\\Tiendita-de-Halloween-migracion-vite-a-cra\\Tiendita-de-Halloween-migracion-vite-a-cra\\src\\components\\Header.js": {"path":"C:\\Users\\bambi\\OneDrive\\Desktop\\Tiendita-de-Halloween-migracion-vite-a-cra\\Tiendita-de-Halloween-migracion-vite-a-cra\\src\\components\\Header.js","statementMap":{"0":{"start":{"line":7,"column":2},"end":{"line":34,"column":4}}},"fnMap":{"0":{"name":"Header","decl":{"start":{"line":6,"column":9},"end":{"line":6,"column":15}},"loc":{"start":{"line":6,"column":31},"end":{"line":35,"column":1}},"line":6}},"branchMap":{"0":{"loc":{"start":{"line":27,"column":17},"end":{"line":27,"column":113}},"type":"binary-expr","locations":[{"start":{"line":27,"column":17},"end":{"line":27,"column":30}},{"start":{"line":27,"column":34},"end":{"line":27,"column":113}}],"line":27}},"s":{"0":3},"f":{"0":3},"b":{"0":[3,1]},"_coverageSchema":"1a1c01bbd47fc00a2c39e90264f33305004495a9","hash":"0d60e96a5bfec8628f45e9d0d85e3ac10336ffa5"}
,"C:\\Users\\bambi\\OneDrive\\Desktop\\Tiendita-de-Halloween-migracion-vite-a-cra\\Tiendita-de-Halloween-migracion-vite-a-cra\\src\\components\\Home.js": {"path":"C:\\Users\\bambi\\OneDrive\\Desktop\\Tiendita-de-Halloween-migracion-vite-a-cra\\Tiendita-de-Halloween-migracion-vite-a-cra\\src\\components\\Home.js","statementMap":{"0":{"start":{"line":8,"column":19},"end":{"line":8,"column":32}},"1":{"start":{"line":10,"column":18},"end":{"line":14,"column":3}},"2":{"start":{"line":16,"column":18},"end":{"line":20,"column":3}},"3":{"start":{"line":22,"column":19},"end":{"line":27,"column":3}},"4":{"start":{"line":29,"column":2},"end":{"line":109,"column":4}},"5":{"start":{"line":45,"column":14},"end":{"line":57,"column":30}},"6":{"start":{"line":51,"column":33},"end":{"line":51,"column":55}},"7":{"start":{"line":68,"column":14},"end":{"line":80,"column":30}},"8":{"start":{"line":74,"column":33},"end":{"line":74,"column":55}},"9":{"start":{"line":91,"column":14},"end":{"line":103,"column":30}},"10":{"start":{"line":97,"column":33},"end":{"line":97,"column":55}}},"fnMap":{"0":{"name":"Home","decl":{"start":{"line":7,"column":9},"end":{"line":7,"column":13}},"loc":{"start":{"line":7,"column":16},"end":{"line":110,"column":1}},"line":7},"1":{"name":"(anonymous_1)","decl":{"start":{"line":44,"column":25},"end":{"line":44,"column":26}},"loc":{"start":{"line":45,"column":14},"end":{"line":57,"column":30}},"line":45},"2":{"name":"(anonymous_2)","decl":{"start":{"line":51,"column":27},"end":{"line":51,"column":28}},"loc":{"start":{"line":51,"column":33},"end":{"line":51,"column":55}},"line":51},"3":{"name":"(anonymous_3)","decl":{"start":{"line":67,"column":25},"end":{"line":67,"column":26}},"loc":{"start":{"line":68,"column":14},"end":{"line":80,"column":30}},"line":68},"4":{"name":"(anonymous_4)","decl":{"start":{"line":74,"column":27},"end":{"line":74,"column":28}},"loc":{"start":{"line":74,"column":33},"end":{"line":74,"column":55}},"line":74},"5":{"name":"(anonymous_5)","decl":{"start":{"line":90,"column":26},"end":{"line":90,"column":27}},"loc":{"start":{"line":91,"column":14},"end":{"line":103,"column":30}},"line":91},"6":{"name":"(anonymous_6)","decl":{"start":{"line":97,"column":27},"end":{"line":97,"column":28}},"loc":{"start":{"line":97,"column":33},"end":{"line":97,"column":55}},"line":97}},"branchMap":{},"s":{"0":0,"1":0,"2":0,"3":0,"4":0,"5":0,"6":0,"7":0,"8":0,"9":0,"10":0},"f":{"0":0,"1":0,"2":0,"3":0,"4":0,"5":0,"6":0},"b":{}}
,"C:\\Users\\bambi\\OneDrive\\Desktop\\Tiendita-de-Halloween-migracion-vite-a-cra\\Tiendita-de-Halloween-migracion-vite-a-cra\\src\\components\\Login.js": {"path":"C:\\Users\\bambi\\OneDrive\\Desktop\\Tiendita-de-Halloween-migracion-vite-a-cra\\Tiendita-de-Halloween-migracion-vite-a-cra\\src\\components\\Login.js","statementMap":{"0":{"start":{"line":4,"column":2},"end":{"line":4,"column":51}},"1":{"start":{"line":4,"column":30},"end":{"line":4,"column":49}},"2":{"start":{"line":8,"column":26},"end":{"line":8,"column":83}},"3":{"start":{"line":9,"column":30},"end":{"line":9,"column":42}},"4":{"start":{"line":10,"column":36},"end":{"line":10,"column":51}},"5":{"start":{"line":11,"column":36},"end":{"line":11,"column":51}},"6":{"start":{"line":13,"column":23},"end":{"line":13,"column":83}},"7":{"start":{"line":13,"column":30},"end":{"line":13,"column":83}},"8":{"start":{"line":15,"column":19},"end":{"line":55,"column":3}},"9":{"start":{"line":16,"column":14},"end":{"line":16,"column":16}},"10":{"start":{"line":17,"column":23},"end":{"line":17,"column":51}},"11":{"start":{"line":18,"column":4},"end":{"line":19,"column":104}},"12":{"start":{"line":18,"column":23},"end":{"line":18,"column":70}},"13":{"start":{"line":19,"column":9},"end":{"line":19,"column":104}},"14":{"start":{"line":19,"column":45},"end":{"line":19,"column":104}},"15":{"start":{"line":21,"column":4},"end":{"line":22,"column":103}},"16":{"start":{"line":21,"column":26},"end":{"line":21,"column":68}},"17":{"start":{"line":22,"column":9},"end":{"line":22,"column":103}},"18":{"start":{"line":22,"column":41},"end":{"line":22,"column":103}},"19":{"start":{"line":24,"column":24},"end":{"line":24,"column":63}},"20":{"start":{"line":25,"column":4},"end":{"line":26,"column":65}},"21":{"start":{"line":25,"column":23},"end":{"line":25,"column":60}},"22":{"start":{"line":26,"column":9},"end":{"line":26,"column":65}},"23":{"start":{"line":26,"column":37},"end":{"line":26,"column":65}},"24":{"start":{"line":28,"column":4},"end":{"line":52,"column":5}},"25":{"start":{"line":29,"column":6},"end":{"line":29,"column":36}},"26":{"start":{"line":31,"column":20},"end":{"line":31,"column":90}},"27":{"start":{"line":32,"column":20},"end":{"line":32,"column":36}},"28":{"start":{"line":33,"column":6},"end":{"line":51,"column":7}},"29":{"start":{"line":34,"column":8},"end":{"line":34,"column":59}},"30":{"start":{"line":36,"column":20},"end":{"line":36,"column":28}},"31":{"start":{"line":37,"column":19},"end":{"line":37,"column":27}},"32":{"start":{"line":38,"column":23},"end":{"line":49,"column":12}},"33":{"start":{"line":39,"column":20},"end":{"line":39,"column":21}},"34":{"start":{"line":40,"column":20},"end":{"line":40,"column":21}},"35":{"start":{"line":41,"column":10},"end":{"line":44,"column":11}},"36":{"start":{"line":41,"column":23},"end":{"line":41,"column":37}},"37":{"start":{"line":42,"column":12},"end":{"line":42,"column":53}},"38":{"start":{"line":43,"column":12},"end":{"line":43,"column":42}},"39":{"start":{"line":45,"column":22},"end":{"line":45,"column":37}},"40":{"start":{"line":46,"column":10},"end":{"line":46,"column":37}},"41":{"start":{"line":46,"column":26},"end":{"line":46,"column":37}},"42":{"start":{"line":47,"column":10},"end":{"line":47,"column":37}},"43":{"start":{"line":47,"column":26},"end":{"line":47,"column":37}},"44":{"start":{"line":48,"column":10},"end":{"line":48,"column":29}},"45":{"start":{"line":50,"column":8},"end":{"line":50,"column":97}},"46":{"start":{"line":50,"column":41},"end":{"line":50,"column":97}},"47":{"start":{"line":54,"column":4},"end":{"line":54,"column":13}},"48":{"start":{"line":57,"column":23},"end":{"line":77,"column":3}},"49":{"start":{"line":58,"column":4},"end":{"line":58,"column":23}},"50":{"start":{"line":59,"column":4},"end":{"line":59,"column":24}},"51":{"start":{"line":60,"column":23},"end":{"line":60,"column":37}},"52":{"start":{"line":61,"column":4},"end":{"line":61,"column":26}},"53":{"start":{"line":62,"column":4},"end":{"line":64,"column":5}},"54":{"start":{"line":63,"column":6},"end":{"line":63,"column":13}},"55":{"start":{"line":66,"column":4},"end":{"line":66,"column":23}},"56":{"start":{"line":67,"column":4},"end":{"line":67,"column":22}},"57":{"start":{"line":68,"column":4},"end":{"line":68,"column":24}},"58":{"start":{"line":69,"column":4},"end":{"line":69,"column":23}},"59":{"start":{"line":70,"column":4},"end":{"line":70,"column":116}},"60":{"start":{"line":72,"column":4},"end":{"line":76,"column":13}},"61":{"start":{"line":73,"column":6},"end":{"line":73,"column":63}},"62":{"start":{"line":74,"column":6},"end":{"line":74,"column":26}},"63":{"start":{"line":75,"column":6},"end":{"line":75,"column":20}},"64":{"start":{"line":79,"column":2},"end":{"line":109,"column":4}}},"fnMap":{"0":{"name":"sleep","decl":{"start":{"line":3,"column":9},"end":{"line":3,"column":14}},"loc":{"start":{"line":3,"column":19},"end":{"line":5,"column":1}},"line":3},"1":{"name":"(anonymous_1)","decl":{"start":{"line":4,"column":21},"end":{"line":4,"column":22}},"loc":{"start":{"line":4,"column":30},"end":{"line":4,"column":49}},"line":4},"2":{"name":"Login","decl":{"start":{"line":7,"column":24},"end":{"line":7,"column":29}},"loc":{"start":{"line":7,"column":32},"end":{"line":110,"column":1}},"line":7},"3":{"name":"(anonymous_3)","decl":{"start":{"line":13,"column":23},"end":{"line":13,"column":24}},"loc":{"start":{"line":13,"column":30},"end":{"line":13,"column":83}},"line":13},"4":{"name":"(anonymous_4)","decl":{"start":{"line":15,"column":19},"end":{"line":15,"column":20}},"loc":{"start":{"line":15,"column":31},"end":{"line":55,"column":3}},"line":15},"5":{"name":"(anonymous_5)","decl":{"start":{"line":38,"column":24},"end":{"line":38,"column":25}},"loc":{"start":{"line":38,"column":30},"end":{"line":49,"column":9}},"line":38},"6":{"name":"(anonymous_6)","decl":{"start":{"line":57,"column":23},"end":{"line":57,"column":24}},"loc":{"start":{"line":57,"column":36},"end":{"line":77,"column":3}},"line":57},"7":{"name":"(anonymous_7)","decl":{"start":{"line":72,"column":15},"end":{"line":72,"column":16}},"loc":{"start":{"line":72,"column":21},"end":{"line":76,"column":5}},"line":72}},"branchMap":{"0":{"loc":{"start":{"line":18,"column":4},"end":{"line":19,"column":104}},"type":"if","locations":[{"start":{"line":18,"column":4},"end":{"line":19,"column":104}},{"start":{"line":19,"column":9},"end":{"line":19,"column":104}}],"line":18},"1":{"loc":{"start":{"line":19,"column":9},"end":{"line":19,"column":104}},"type":"if","locations":[{"start":{"line":19,"column":9},"end":{"line":19,"column":104}},{"start":{},"end":{}}],"line":19},"2":{"loc":{"start":{"line":21,"column":4},"end":{"line":22,"column":103}},"type":"if","locations":[{"start":{"line":21,"column":4},"end":{"line":22,"column":103}},{"start":{"line":22,"column":9},"end":{"line":22,"column":103}}],"line":21},"3":{"loc":{"start":{"line":22,"column":9},"end":{"line":22,"column":103}},"type":"if","locations":[{"start":{"line":22,"column":9},"end":{"line":22,"column":103}},{"start":{},"end":{}}],"line":22},"4":{"loc":{"start":{"line":24,"column":25},"end":{"line":24,"column":43}},"type":"binary-expr","locations":[{"start":{"line":24,"column":25},"end":{"line":24,"column":37}},{"start":{"line":24,"column":41},"end":{"line":24,"column":43}}],"line":24},"5":{"loc":{"start":{"line":25,"column":4},"end":{"line":26,"column":65}},"type":"if","locations":[{"start":{"line":25,"column":4},"end":{"line":26,"column":65}},{"start":{"line":26,"column":9},"end":{"line":26,"column":65}}],"line":25},"6":{"loc":{"start":{"line":26,"column":9},"end":{"line":26,"column":65}},"type":"if","locations":[{"start":{"line":26,"column":9},"end":{"line":26,"column":65}},{"start":{},"end":{}}],"line":26},"7":{"loc":{"start":{"line":28,"column":4},"end":{"line":52,"column":5}},"type":"if","locations":[{"start":{"line":28,"column":4},"end":{"line":52,"column":5}},{"start":{"line":30,"column":11},"end":{"line":52,"column":5}}],"line":28},"8":{"loc":{"start":{"line":31,"column":21},"end":{"line":31,"column":37}},"type":"binary-expr","locations":[{"start":{"line":31,"column":21},"end":{"line":31,"column":31}},{"start":{"line":31,"column":35},"end":{"line":31,"column":37}}],"line":31},"9":{"loc":{"start":{"line":33,"column":6},"end":{"line":51,"column":7}},"type":"if","locations":[{"start":{"line":33,"column":6},"end":{"line":51,"column":7}},{"start":{"line":35,"column":13},"end":{"line":51,"column":7}}],"line":33},"10":{"loc":{"start":{"line":33,"column":10},"end":{"line":33,"column":58}},"type":"binary-expr","locations":[{"start":{"line":33,"column":10},"end":{"line":33,"column":28}},{"start":{"line":33,"column":32},"end":{"line":33,"column":58}}],"line":33},"11":{"loc":{"start":{"line":43,"column":18},"end":{"line":43,"column":41}},"type":"cond-expr","locations":[{"start":{"line":43,"column":30},"end":{"line":43,"column":31}},{"start":{"line":43,"column":34},"end":{"line":43,"column":41}}],"line":43},"12":{"loc":{"start":{"line":46,"column":10},"end":{"line":46,"column":37}},"type":"if","locations":[{"start":{"line":46,"column":10},"end":{"line":46,"column":37}},{"start":{},"end":{}}],"line":46},"13":{"loc":{"start":{"line":47,"column":10},"end":{"line":47,"column":37}},"type":"if","locations":[{"start":{"line":47,"column":10},"end":{"line":47,"column":37}},{"start":{},"end":{}}],"line":47},"14":{"loc":{"start":{"line":50,"column":8},"end":{"line":50,"column":97}},"type":"if","locations":[{"start":{"line":50,"column":8},"end":{"line":50,"column":97}},{"start":{},"end":{}}],"line":50},"15":{"loc":{"start":{"line":62,"column":4},"end":{"line":64,"column":5}},"type":"if","locations":[{"start":{"line":62,"column":4},"end":{"line":64,"column":5}},{"start":{},"end":{}}],"line":62},"16":{"loc":{"start":{"line":84,"column":9},"end":{"line":84,"column":94}},"type":"binary-expr","locations":[{"start":{"line":84,"column":9},"end":{"line":84,"column":21}},{"start":{"line":84,"column":25},"end":{"line":84,"column":94}}],"line":84},"17":{"loc":{"start":{"line":89,"column":9},"end":{"line":89,"column":103}},"type":"binary-expr","locations":[{"start":{"line":89,"column":9},"end":{"line":89,"column":24}},{"start":{"line":89,"column":28},"end":{"line":89,"column":103}}],"line":89},"18":{"loc":{"start":{"line":95,"column":9},"end":{"line":95,"column":94}},"type":"binary-expr","locations":[{"start":{"line":95,"column":9},"end":{"line":95,"column":21}},{"start":{"line":95,"column":25},"end":{"line":95,"column":94}}],"line":95},"19":{"loc":{"start":{"line":101,"column":9},"end":{"line":101,"column":88}},"type":"binary-expr","locations":[{"start":{"line":101,"column":9},"end":{"line":101,"column":19}},{"start":{"line":101,"column":23},"end":{"line":101,"column":88}}],"line":101},"20":{"loc":{"start":{"line":106,"column":7},"end":{"line":106,"column":72}},"type":"binary-expr","locations":[{"start":{"line":106,"column":7},"end":{"line":106,"column":16}},{"start":{"line":106,"column":20},"end":{"line":106,"column":72}}],"line":106},"21":{"loc":{"start":{"line":107,"column":7},"end":{"line":107,"column":87}},"type":"binary-expr","locations":[{"start":{"line":107,"column":7},"end":{"line":107,"column":16}},{"start":{"line":107,"column":20},"end":{"line":107,"column":87}}],"line":107}},"s":{"0":4,"1":4,"2":41,"3":39,"4":39,"5":39,"6":39,"7":18,"8":39,"9":8,"10":8,"11":8,"12":2,"13":6,"14":2,"15":8,"16":4,"17":4,"18":0,"19":8,"20":8,"21":4,"22":4,"23":0,"24":8,"25":4,"26":4,"27":4,"28":4,"29":0,"30":4,"31":4,"32":4,"33":4,"34":4,"35":4,"36":4,"37":32,"38":32,"39":4,"40":4,"41":0,"42":4,"43":0,"44":4,"45":4,"46":0,"47":8,"48":39,"49":8,"50":8,"51":8,"52":8,"53":8,"54":4,"55":4,"56":4,"57":4,"58":4,"59":4,"60":4,"61":2,"62":2,"63":2,"64":39},"f":{"0":4,"1":4,"2":41,"3":18,"4":8,"5":4,"6":8,"7":2},"b":{"0":[2,6],"1":[2,4],"2":[4,4],"3":[0,4],"4":[8,4],"5":[4,4],"6":[0,4],"7":[4,4],"8":[4,0],"9":[0,4],"10":[4,4],"11":[4,28],"12":[0,4],"13":[0,4],"14":[0,4],"15":[4,4],"16":[39,5],"17":[39,5],"18":[39,5],"19":[39,5],"20":[39,4],"21":[39,4]},"_coverageSchema":"1a1c01bbd47fc00a2c39e90264f33305004495a9","hash":"495e2a487dd7c9e3882f38620dad995215ff2798"}
,"C:\\Users\\bambi\\OneDrive\\Desktop\\Tiendita-de-Halloween-migracion-vite-a-cra\\Tiendita-de-Halloween-migracion-vite-a-cra\\src\\components\\ProductCard.js": {"path":"C:\\Users\\bambi\\OneDrive\\Desktop\\Tiendita-de-Halloween-migracion-vite-a-cra\\Tiendita-de-Halloween-migracion-vite-a-cra\\src\\components\\ProductCard.js","statementMap":{"0":{"start":{"line":6,"column":2},"end":{"line":6,"column":39}},"1":{"start":{"line":10,"column":2},"end":{"line":27,"column":4}},"2":{"start":{"line":19,"column":28},"end":{"line":19,"column":61}}},"fnMap":{"0":{"name":"formatPrice","decl":{"start":{"line":5,"column":16},"end":{"line":5,"column":27}},"loc":{"start":{"line":5,"column":35},"end":{"line":7,"column":1}},"line":5},"1":{"name":"ProductCard","decl":{"start":{"line":9,"column":9},"end":{"line":9,"column":20}},"loc":{"start":{"line":9,"column":45},"end":{"line":28,"column":1}},"line":9},"2":{"name":"(anonymous_2)","decl":{"start":{"line":19,"column":21},"end":{"line":19,"column":22}},"loc":{"start":{"line":19,"column":28},"end":{"line":19,"column":61}},"line":19}},"branchMap":{},"s":{"0":4,"1":2,"2":1},"f":{"0":4,"1":2,"2":1},"b":{},"_coverageSchema":"1a1c01bbd47fc00a2c39e90264f33305004495a9","hash":"2a169c55fded2cbfa8eeccf7822169cb4a158291"}
,"C:\\Users\\bambi\\OneDrive\\Desktop\\Tiendita-de-Halloween-migracion-vite-a-cra\\Tiendita-de-Halloween-migracion-vite-a-cra\\src\\components\\ProductList.js": {"path":"C:\\Users\\bambi\\OneDrive\\Desktop\\Tiendita-de-Halloween-migracion-vite-a-cra\\Tiendita-de-Halloween-migracion-vite-a-cra\\src\\components\\ProductList.js","statementMap":{"0":{"start":{"line":6,"column":2},"end":{"line":8,"column":3}},"1":{"start":{"line":7,"column":4},"end":{"line":7,"column":64}},"2":{"start":{"line":10,"column":2},"end":{"line":18,"column":4}},"3":{"start":{"line":13,"column":8},"end":{"line":15,"column":14}}},"fnMap":{"0":{"name":"ProductList","decl":{"start":{"line":5,"column":9},"end":{"line":5,"column":20}},"loc":{"start":{"line":5,"column":46},"end":{"line":19,"column":1}},"line":5},"1":{"name":"(anonymous_1)","decl":{"start":{"line":12,"column":20},"end":{"line":12,"column":21}},"loc":{"start":{"line":13,"column":8},"end":{"line":15,"column":14}},"line":13}},"branchMap":{"0":{"loc":{"start":{"line":6,"column":2},"end":{"line":8,"column":3}},"type":"if","locations":[{"start":{"line":6,"column":2},"end":{"line":8,"column":3}},{"start":{},"end":{}}],"line":6},"1":{"loc":{"start":{"line":6,"column":6},"end":{"line":6,"column":55}},"type":"binary-expr","locations":[{"start":{"line":6,"column":6},"end":{"line":6,"column":30}},{"start":{"line":6,"column":34},"end":{"line":6,"column":55}}],"line":6}},"s":{"0":0,"1":0,"2":0,"3":0},"f":{"0":0,"1":0},"b":{"0":[0,0],"1":[0,0]}}
,"C:\\Users\\bambi\\OneDrive\\Desktop\\Tiendita-de-Halloween-migracion-vite-a-cra\\Tiendita-de-Halloween-migracion-vite-a-cra\\src\\components\\ShoppingCart.js": {"path":"C:\\Users\\bambi\\OneDrive\\Desktop\\Tiendita-de-Halloween-migracion-vite-a-cra\\Tiendita-de-Halloween-migracion-vite-a-cra\\src\\components\\ShoppingCart.js","statementMap":{"0":{"start":{"line":7,"column":16},"end":{"line":7,"column":85}},"1":{"start":{"line":7,"column":48},"end":{"line":7,"column":81}},"2":{"start":{"line":9,"column":2},"end":{"line":16,"column":3}},"3":{"start":{"line":10,"column":4},"end":{"line":15,"column":6}},"4":{"start":{"line":18,"column":2},"end":{"line":63,"column":4}},"5":{"start":{"line":35,"column":16},"end":{"line":48,"column":33}},"6":{"start":{"line":42,"column":69},"end":{"line":42,"column":87}},"7":{"start":{"line":44,"column":70},"end":{"line":44,"column":100}},"8":{"start":{"line":46,"column":70},"end":{"line":46,"column":94}}},"fnMap":{"0":{"name":"ShoppingCart","decl":{"start":{"line":6,"column":9},"end":{"line":6,"column":21}},"loc":{"start":{"line":6,"column":111},"end":{"line":64,"column":1}},"line":6},"1":{"name":"(anonymous_1)","decl":{"start":{"line":7,"column":33},"end":{"line":7,"column":34}},"loc":{"start":{"line":7,"column":48},"end":{"line":7,"column":81}},"line":7},"2":{"name":"(anonymous_2)","decl":{"start":{"line":34,"column":29},"end":{"line":34,"column":30}},"loc":{"start":{"line":35,"column":16},"end":{"line":48,"column":33}},"line":35},"3":{"name":"(anonymous_3)","decl":{"start":{"line":42,"column":63},"end":{"line":42,"column":64}},"loc":{"start":{"line":42,"column":69},"end":{"line":42,"column":87}},"line":42},"4":{"name":"(anonymous_4)","decl":{"start":{"line":44,"column":63},"end":{"line":44,"column":64}},"loc":{"start":{"line":44,"column":70},"end":{"line":44,"column":100}},"line":44},"5":{"name":"(anonymous_5)","decl":{"start":{"line":46,"column":64},"end":{"line":46,"column":65}},"loc":{"start":{"line":46,"column":70},"end":{"line":46,"column":94}},"line":46}},"branchMap":{"0":{"loc":{"start":{"line":6,"column":35},"end":{"line":6,"column":52}},"type":"default-arg","locations":[{"start":{"line":6,"column":47},"end":{"line":6,"column":52}}],"line":6},"1":{"loc":{"start":{"line":9,"column":2},"end":{"line":16,"column":3}},"type":"if","locations":[{"start":{"line":9,"column":2},"end":{"line":16,"column":3}},{"start":{},"end":{}}],"line":9},"2":{"loc":{"start":{"line":9,"column":6},"end":{"line":9,"column":41}},"type":"binary-expr","locations":[{"start":{"line":9,"column":6},"end":{"line":9,"column":15}},{"start":{"line":9,"column":19},"end":{"line":9,"column":41}}],"line":9},"3":{"loc":{"start":{"line":21,"column":9},"end":{"line":21,"column":45}},"type":"cond-expr","locations":[{"start":{"line":21,"column":21},"end":{"line":21,"column":30}},{"start":{"line":21,"column":33},"end":{"line":21,"column":45}}],"line":21},"4":{"loc":{"start":{"line":22,"column":9},"end":{"line":26,"column":9}},"type":"binary-expr","locations":[{"start":{"line":22,"column":9},"end":{"line":22,"column":29}},{"start":{"line":23,"column":10},"end":{"line":25,"column":19}}],"line":22},"5":{"loc":{"start":{"line":29,"column":9},"end":{"line":60,"column":9}},"type":"cond-expr","locations":[{"start":{"line":30,"column":10},"end":{"line":30,"column":62}},{"start":{"line":32,"column":10},"end":{"line":59,"column":13}}],"line":29},"6":{"loc":{"start":{"line":54,"column":13},"end":{"line":58,"column":13}},"type":"cond-expr","locations":[{"start":{"line":55,"column":14},"end":{"line":55,"column":99}},{"start":{"line":57,"column":14},"end":{"line":57,"column":93}}],"line":54}},"s":{"0":0,"1":0,"2":0,"3":0,"4":0,"5":0,"6":0,"7":0,"8":0},"f":{"0":0,"1":0,"2":0,"3":0,"4":0,"5":0},"b":{"0":[0],"1":[0,0],"2":[0,0],"3":[0,0],"4":[0,0],"5":[0,0],"6":[0,0]}}
,"C:\\Users\\bambi\\OneDrive\\Desktop\\Tiendita-de-Halloween-migracion-vite-a-cra\\Tiendita-de-Halloween-migracion-vite-a-cra\\src\\data\\products.js": {"path":"C:\\Users\\bambi\\OneDrive\\Desktop\\Tiendita-de-Halloween-migracion-vite-a-cra\\Tiendita-de-Halloween-migracion-vite-a-cra\\src\\data\\products.js","statementMap":{"0":{"start":{"line":13,"column":33},"end":{"line":25,"column":1}}},"fnMap":{},"branchMap":{},"s":{"0":0},"f":{},"b":{}}
,"C:\\Users\\bambi\\OneDrive\\Desktop\\Tiendita-de-Halloween-migracion-vite-a-cra\\Tiendita-de-Halloween-migracion-vite-a-cra\\src\\hooks\\useLocalStorage.js": {"path":"C:\\Users\\bambi\\OneDrive\\Desktop\\Tiendita-de-Halloween-migracion-vite-a-cra\\Tiendita-de-Halloween-migracion-vite-a-cra\\src\\hooks\\useLocalStorage.js","statementMap":{"0":{"start":{"line":4,"column":40},"end":{"line":12,"column":4}},"1":{"start":{"line":5,"column":4},"end":{"line":11,"column":5}},"2":{"start":{"line":6,"column":19},"end":{"line":6,"column":51}},"3":{"start":{"line":7,"column":6},"end":{"line":7,"column":52}},"4":{"start":{"line":9,"column":6},"end":{"line":9,"column":27}},"5":{"start":{"line":10,"column":6},"end":{"line":10,"column":26}},"6":{"start":{"line":14,"column":2},"end":{"line":20,"column":25}},"7":{"start":{"line":15,"column":4},"end":{"line":19,"column":5}},"8":{"start":{"line":16,"column":6},"end":{"line":16,"column":68}},"9":{"start":{"line":18,"column":6},"end":{"line":18,"column":27}},"10":{"start":{"line":22,"column":2},"end":{"line":22,"column":39}}},"fnMap":{"0":{"name":"useLocalStorage","decl":{"start":{"line":3,"column":9},"end":{"line":3,"column":24}},"loc":{"start":{"line":3,"column":44},"end":{"line":23,"column":1}},"line":3},"1":{"name":"(anonymous_1)","decl":{"start":{"line":4,"column":49},"end":{"line":4,"column":50}},"loc":{"start":{"line":4,"column":55},"end":{"line":12,"column":3}},"line":4},"2":{"name":"(anonymous_2)","decl":{"start":{"line":14,"column":12},"end":{"line":14,"column":13}},"loc":{"start":{"line":14,"column":18},"end":{"line":20,"column":3}},"line":14}},"branchMap":{"0":{"loc":{"start":{"line":7,"column":13},"end":{"line":7,"column":51}},"type":"cond-expr","locations":[{"start":{"line":7,"column":20},"end":{"line":7,"column":36}},{"start":{"line":7,"column":39},"end":{"line":7,"column":51}}],"line":7}},"s":{"0":4,"1":3,"2":3,"3":3,"4":0,"5":0,"6":4,"7":4,"8":4,"9":0,"10":4},"f":{"0":4,"1":3,"2":4},"b":{"0":[1,2]},"_coverageSchema":"1a1c01bbd47fc00a2c39e90264f33305004495a9","hash":"d88b86e87296a16d49035c9d53ffca3b2f4b559a"}
}
