TN:
SF:src\App.js
FN:13,App
FN:17,(anonymous_1)
FN:18,(anonymous_2)
FN:19,(anonymous_3)
FN:21,(anonymous_4)
FN:27,(anonymous_5)
FN:29,(anonymous_6)
FN:39,(anonymous_7)
FN:60,(anonymous_8)
FN:86,(anonymous_9)
FN:87,(anonymous_10)
FN:91,(anonymous_11)
FN:92,(anonymous_12)
FN:93,(anonymous_13)
FN:95,(anonymous_14)
FN:97,(anonymous_15)
FN:104,(anonymous_16)
FN:104,(anonymous_17)
FN:104,(anonymous_18)
FN:105,(anonymous_19)
FN:106,(anonymous_20)
FNF:21
FNH:0
FNDA:0,App
FNDA:0,(anonymous_1)
FNDA:0,(anonymous_2)
FNDA:0,(anonymous_3)
FNDA:0,(anonymous_4)
FNDA:0,(anonymous_5)
FNDA:0,(anonymous_6)
FNDA:0,(anonymous_7)
FNDA:0,(anonymous_8)
FNDA:0,(anonymous_9)
FNDA:0,(anonymous_10)
FNDA:0,(anonymous_11)
FNDA:0,(anonymous_12)
FNDA:0,(anonymous_13)
FNDA:0,(anonymous_14)
FNDA:0,(anonymous_15)
FNDA:0,(anonymous_16)
FNDA:0,(anonymous_17)
FNDA:0,(anonymous_18)
FNDA:0,(anonymous_19)
FNDA:0,(anonymous_20)
DA:14,0
DA:15,0
DA:17,0
DA:18,0
DA:19,0
DA:20,0
DA:21,0
DA:22,0
DA:25,0
DA:27,0
DA:28,0
DA:29,0
DA:31,0
DA:32,0
DA:33,0
DA:39,0
DA:40,0
DA:41,0
DA:42,0
DA:43,0
DA:44,0
DA:45,0
DA:46,0
DA:47,0
DA:48,0
DA:49,0
DA:50,0
DA:51,0
DA:52,0
DA:55,0
DA:56,0
DA:57,0
DA:58,0
DA:59,0
DA:60,0
DA:62,0
DA:63,0
DA:64,0
DA:65,0
DA:66,0
DA:67,0
DA:68,0
DA:69,0
DA:71,0
DA:72,0
DA:73,0
DA:74,0
DA:76,0
DA:77,0
DA:78,0
DA:80,0
DA:81,0
DA:82,0
DA:83,0
DA:85,0
DA:86,0
DA:87,0
DA:91,0
DA:92,0
DA:93,0
DA:94,0
DA:95,0
DA:97,0
DA:98,0
DA:104,0
DA:105,0
DA:106,0
DA:108,0
LF:68
LH:0
BRDA:20,0,0,0
BRDA:20,0,1,0
BRDA:22,1,0,0
BRDA:22,1,1,0
BRDA:27,2,0,0
BRDA:27,2,1,0
BRDA:32,3,0,0
BRDA:32,3,1,0
BRDA:32,4,0,0
BRDA:32,4,1,0
BRDA:39,5,0,0
BRDA:40,6,0,0
BRDA:40,6,1,0
BRDA:42,7,0,0
BRDA:42,7,1,0
BRDA:65,8,0,0
BRDA:65,8,1,0
BRDA:94,9,0,0
BRDA:94,9,1,0
BRDA:98,10,0,0
BRDA:98,10,1,0
BRDA:124,11,0,0
BRDA:124,11,1,0
BRF:23
BRH:0
end_of_record
TN:
SF:src\index.js
FNF:0
FNH:0
DA:9,0
DA:10,0
DA:21,0
LF:3
LH:0
BRF:0
BRH:0
end_of_record
TN:
SF:src\reportWebVitals.js
FN:1,(anonymous_0)
FN:3,(anonymous_1)
FNF:2
FNH:0
FNDA:0,(anonymous_0)
FNDA:0,(anonymous_1)
DA:1,0
DA:2,0
DA:3,0
DA:4,0
DA:5,0
DA:6,0
DA:7,0
DA:8,0
LF:8
LH:0
BRDA:2,0,0,0
BRDA:2,0,1,0
BRDA:2,1,0,0
BRDA:2,1,1,0
BRF:4
BRH:0
end_of_record
TN:
SF:src\components\CheckoutForm.js
FN:4,(anonymous_0)
FN:46,CheckoutForm
FN:53,(anonymous_2)
FN:59,(anonymous_3)
FNF:4
FNH:3
FNDA:5,(anonymous_0)
FNDA:2,CheckoutForm
FNDA:0,(anonymous_2)
FNDA:1,(anonymous_3)
DA:4,2
DA:5,5
DA:6,5
DA:7,3
DA:8,5
DA:9,5
DA:10,4
DA:12,5
DA:13,1
DA:15,5
DA:16,5
DA:17,1
DA:19,5
DA:20,4
DA:22,1
DA:23,1
DA:24,1
DA:25,0
DA:27,1
DA:28,1
DA:29,1
DA:30,1
DA:31,1
DA:32,8
DA:33,8
DA:35,1
DA:36,1
DA:37,1
DA:41,5
DA:43,5
DA:47,2
DA:48,2
DA:49,2
DA:50,2
DA:51,2
DA:53,2
DA:54,0
DA:55,0
DA:56,0
DA:59,2
DA:60,1
DA:61,1
DA:62,1
DA:63,1
DA:65,1
DA:66,0
DA:67,0
DA:68,0
DA:80,0
DA:81,0
DA:82,0
DA:83,0
DA:84,0
DA:86,0
DA:89,0
DA:91,0
DA:96,2
LF:57
LH:42
BRDA:6,0,0,2
BRDA:6,0,1,3
BRDA:7,1,0,1
BRDA:7,1,1,2
BRDA:9,2,0,1
BRDA:9,2,1,4
BRDA:10,3,0,1
BRDA:10,3,1,3
BRDA:12,4,0,4
BRDA:12,4,1,1
BRDA:12,5,0,5
BRDA:12,5,1,1
BRDA:13,6,0,0
BRDA:13,6,1,1
BRDA:15,7,0,5
BRDA:15,7,1,4
BRDA:16,8,0,4
BRDA:16,8,1,1
BRDA:17,9,0,0
BRDA:17,9,1,1
BRDA:19,10,0,4
BRDA:19,10,1,1
BRDA:22,11,0,1
BRDA:22,11,1,0
BRDA:24,12,0,0
BRDA:24,12,1,1
BRDA:24,13,0,1
BRDA:24,13,1,1
BRDA:33,14,0,1
BRDA:33,14,1,7
BRDA:36,15,0,0
BRDA:36,15,1,1
BRDA:36,16,0,0
BRDA:36,16,1,1
BRDA:37,17,0,0
BRDA:37,17,1,1
BRDA:41,18,0,4
BRDA:41,18,1,1
BRDA:55,19,0,0
BRDA:55,19,1,0
BRDA:65,20,0,0
BRDA:65,20,1,1
BRDA:81,21,0,0
BRDA:81,21,1,0
BRDA:86,22,0,0
BRDA:86,22,1,0
BRDA:98,23,0,2
BRDA:98,23,1,0
BRDA:99,24,0,2
BRDA:99,24,1,0
BRDA:141,25,0,0
BRDA:141,25,1,2
BRF:52
BRH:35
end_of_record
TN:
SF:src\components\CheckoutPage.js
FN:5,CheckoutPage
FNF:1
FNH:0
FNDA:0,CheckoutPage
DA:6,0
LF:1
LH:0
BRF:0
BRH:0
end_of_record
TN:
SF:src\components\Footer.js
FN:4,Footer
FNF:1
FNH:0
FNDA:0,Footer
DA:5,0
LF:1
LH:0
BRF:0
BRH:0
end_of_record
TN:
SF:src\components\Header.js
FN:6,Header
FNF:1
FNH:1
FNDA:3,Header
DA:7,3
LF:1
LH:1
BRDA:27,0,0,3
BRDA:27,0,1,1
BRF:2
BRH:2
end_of_record
TN:
SF:src\components\Home.js
FN:7,Home
FN:44,(anonymous_1)
FN:51,(anonymous_2)
FN:67,(anonymous_3)
FN:74,(anonymous_4)
FN:90,(anonymous_5)
FN:97,(anonymous_6)
FNF:7
FNH:0
FNDA:0,Home
FNDA:0,(anonymous_1)
FNDA:0,(anonymous_2)
FNDA:0,(anonymous_3)
FNDA:0,(anonymous_4)
FNDA:0,(anonymous_5)
FNDA:0,(anonymous_6)
DA:8,0
DA:10,0
DA:16,0
DA:22,0
DA:29,0
DA:45,0
DA:51,0
DA:68,0
DA:74,0
DA:91,0
DA:97,0
LF:11
LH:0
BRF:0
BRH:0
end_of_record
TN:
SF:src\components\Login.js
FN:3,sleep
FN:4,(anonymous_1)
FN:7,Login
FN:13,(anonymous_3)
FN:15,(anonymous_4)
FN:38,(anonymous_5)
FN:57,(anonymous_6)
FN:72,(anonymous_7)
FNF:8
FNH:8
FNDA:4,sleep
FNDA:4,(anonymous_1)
FNDA:41,Login
FNDA:18,(anonymous_3)
FNDA:8,(anonymous_4)
FNDA:4,(anonymous_5)
FNDA:8,(anonymous_6)
FNDA:2,(anonymous_7)
DA:4,4
DA:8,41
DA:9,39
DA:10,39
DA:11,39
DA:13,39
DA:15,39
DA:16,8
DA:17,8
DA:18,8
DA:19,6
DA:21,8
DA:22,4
DA:24,8
DA:25,8
DA:26,4
DA:28,8
DA:29,4
DA:31,4
DA:32,4
DA:33,4
DA:34,0
DA:36,4
DA:37,4
DA:38,4
DA:39,4
DA:40,4
DA:41,4
DA:42,32
DA:43,32
DA:45,4
DA:46,4
DA:47,4
DA:48,4
DA:50,4
DA:54,8
DA:57,39
DA:58,8
DA:59,8
DA:60,8
DA:61,8
DA:62,8
DA:63,4
DA:66,4
DA:67,4
DA:68,4
DA:69,4
DA:70,4
DA:72,4
DA:73,2
DA:74,2
DA:75,2
DA:79,39
LF:53
LH:52
BRDA:18,0,0,2
BRDA:18,0,1,6
BRDA:19,1,0,2
BRDA:19,1,1,4
BRDA:21,2,0,4
BRDA:21,2,1,4
BRDA:22,3,0,0
BRDA:22,3,1,4
BRDA:24,4,0,8
BRDA:24,4,1,4
BRDA:25,5,0,4
BRDA:25,5,1,4
BRDA:26,6,0,0
BRDA:26,6,1,4
BRDA:28,7,0,4
BRDA:28,7,1,4
BRDA:31,8,0,4
BRDA:31,8,1,0
BRDA:33,9,0,0
BRDA:33,9,1,4
BRDA:33,10,0,4
BRDA:33,10,1,4
BRDA:43,11,0,4
BRDA:43,11,1,28
BRDA:46,12,0,0
BRDA:46,12,1,4
BRDA:47,13,0,0
BRDA:47,13,1,4
BRDA:50,14,0,0
BRDA:50,14,1,4
BRDA:62,15,0,4
BRDA:62,15,1,4
BRDA:84,16,0,39
BRDA:84,16,1,5
BRDA:89,17,0,39
BRDA:89,17,1,5
BRDA:95,18,0,39
BRDA:95,18,1,5
BRDA:101,19,0,39
BRDA:101,19,1,5
BRDA:106,20,0,39
BRDA:106,20,1,4
BRDA:107,21,0,39
BRDA:107,21,1,4
BRF:44
BRH:37
end_of_record
TN:
SF:src\components\ProductCard.js
FN:5,formatPrice
FN:9,ProductCard
FN:19,(anonymous_2)
FNF:3
FNH:3
FNDA:4,formatPrice
FNDA:2,ProductCard
FNDA:1,(anonymous_2)
DA:6,4
DA:10,2
DA:19,1
LF:3
LH:3
BRF:0
BRH:0
end_of_record
TN:
SF:src\components\ProductList.js
FN:5,ProductList
FN:12,(anonymous_1)
FNF:2
FNH:0
FNDA:0,ProductList
FNDA:0,(anonymous_1)
DA:6,0
DA:7,0
DA:10,0
DA:13,0
LF:4
LH:0
BRDA:6,0,0,0
BRDA:6,0,1,0
BRDA:6,1,0,0
BRDA:6,1,1,0
BRF:4
BRH:0
end_of_record
TN:
SF:src\components\ShoppingCart.js
FN:6,ShoppingCart
FN:7,(anonymous_1)
FN:34,(anonymous_2)
FN:42,(anonymous_3)
FN:44,(anonymous_4)
FN:46,(anonymous_5)
FNF:6
FNH:0
FNDA:0,ShoppingCart
FNDA:0,(anonymous_1)
FNDA:0,(anonymous_2)
FNDA:0,(anonymous_3)
FNDA:0,(anonymous_4)
FNDA:0,(anonymous_5)
DA:7,0
DA:9,0
DA:10,0
DA:18,0
DA:35,0
DA:42,0
DA:44,0
DA:46,0
LF:8
LH:0
BRDA:6,0,0,0
BRDA:9,1,0,0
BRDA:9,1,1,0
BRDA:9,2,0,0
BRDA:9,2,1,0
BRDA:21,3,0,0
BRDA:21,3,1,0
BRDA:22,4,0,0
BRDA:22,4,1,0
BRDA:29,5,0,0
BRDA:29,5,1,0
BRDA:54,6,0,0
BRDA:54,6,1,0
BRF:13
BRH:0
end_of_record
TN:
SF:src\data\products.js
FNF:0
FNH:0
DA:13,0
LF:1
LH:0
BRF:0
BRH:0
end_of_record
TN:
SF:src\hooks\useLocalStorage.js
FN:3,useLocalStorage
FN:4,(anonymous_1)
FN:14,(anonymous_2)
FNF:3
FNH:3
FNDA:4,useLocalStorage
FNDA:3,(anonymous_1)
FNDA:4,(anonymous_2)
DA:4,4
DA:5,3
DA:6,3
DA:7,3
DA:9,0
DA:10,0
DA:14,4
DA:15,4
DA:16,4
DA:18,0
DA:22,4
LF:11
LH:8
BRDA:7,0,0,1
BRDA:7,0,1,2
BRF:2
BRH:2
end_of_record
